#! /c/Source/iverilog-install/bin/vvp
:ivl_version "12.0 (devel)" "(s20150603-1539-g2693dd32b)";
:ivl_delay_selection "TYPICAL";
:vpi_time_precision + 0;
:vpi_module "C:\iverilog\lib\ivl\system.vpi";
:vpi_module "C:\iverilog\lib\ivl\vhdl_sys.vpi";
:vpi_module "C:\iverilog\lib\ivl\vhdl_textio.vpi";
:vpi_module "C:\iverilog\lib\ivl\v2005_math.vpi";
:vpi_module "C:\iverilog\lib\ivl\va_math.vpi";
S_000001686003a290 .scope module, "tb_water_level_controller" "tb_water_level_controller" 2 1;
 .timescale 0 0;
v000001685ff62e20_0 .var "clk", 0 0;
v000001685ff62ec0_0 .var "high", 0 0;
v000001685ff62f60_0 .var "low", 0 0;
v000001685ff63000_0 .var "mid", 0 0;
v000001685ff630a0_0 .net "motor_on", 0 0, v000001685ff62c40_0;  1 drivers
v000001685ff63140_0 .var "reset", 0 0;
S_000001685ff67240 .scope module, "uut" "water_level_controller" 2 5, 3 1 0, S_000001686003a290;
 .timescale 0 0;
    .port_info 0 /INPUT 1 "clk";
    .port_info 1 /INPUT 1 "reset";
    .port_info 2 /INPUT 1 "low";
    .port_info 3 /INPUT 1 "mid";
    .port_info 4 /INPUT 1 "high";
    .port_info 5 /OUTPUT 1 "motor_on";
P_000001685ff673d0 .param/l "EMPTY" 0 3 7, C4<00>;
P_000001685ff67408 .param/l "FILLING" 0 3 8, C4<01>;
P_000001685ff67440 .param/l "FULL" 0 3 9, C4<10>;
v0000016860036c30_0 .net "clk", 0 0, v000001685ff62e20_0;  1 drivers
v00000168600369d0_0 .var "current_state", 1 0;
v000001685ff67480_0 .net "high", 0 0, v000001685ff62ec0_0;  1 drivers
v000001685ff67520_0 .net "low", 0 0, v000001685ff62f60_0;  1 drivers
v000001685ff675c0_0 .net "mid", 0 0, v000001685ff63000_0;  1 drivers
v000001685ff62c40_0 .var "motor_on", 0 0;
v000001685ff62ce0_0 .var "next_state", 1 0;
v000001685ff62d80_0 .net "reset", 0 0, v000001685ff63140_0;  1 drivers
E_000001685ff6c180 .event anyedge, v00000168600369d0_0, v000001685ff67520_0, v000001685ff675c0_0, v000001685ff67480_0;
E_000001685ff6c2c0 .event posedge, v000001685ff62d80_0, v0000016860036c30_0;
    .scope S_000001685ff67240;
T_0 ;
    %wait E_000001685ff6c2c0;
    %load/vec4 v000001685ff62d80_0;
    %flag_set/vec4 8;
    %jmp/0xz  T_0.0, 8;
    %pushi/vec4 0, 0, 2;
    %assign/vec4 v00000168600369d0_0, 0;
    %jmp T_0.1;
T_0.0 ;
    %load/vec4 v000001685ff62ce0_0;
    %assign/vec4 v00000168600369d0_0, 0;
T_0.1 ;
    %jmp T_0;
    .thread T_0;
    .scope S_000001685ff67240;
T_1 ;
    %wait E_000001685ff6c180;
    %load/vec4 v00000168600369d0_0;
    %dup/vec4;
    %pushi/vec4 0, 0, 2;
    %cmp/u;
    %jmp/1 T_1.0, 6;
    %dup/vec4;
    %pushi/vec4 1, 0, 2;
    %cmp/u;
    %jmp/1 T_1.1, 6;
    %dup/vec4;
    %pushi/vec4 2, 0, 2;
    %cmp/u;
    %jmp/1 T_1.2, 6;
    %pushi/vec4 0, 0, 1;
    %store/vec4 v000001685ff62c40_0, 0, 1;
    %pushi/vec4 0, 0, 2;
    %store/vec4 v000001685ff62ce0_0, 0, 2;
    %jmp T_1.4;
T_1.0 ;
    %pushi/vec4 1, 0, 1;
    %store/vec4 v000001685ff62c40_0, 0, 1;
    %load/vec4 v000001685ff67520_0;
    %flag_set/vec4 10;
    %flag_get/vec4 10;
    %jmp/0 T_1.8, 10;
    %load/vec4 v000001685ff675c0_0;
    %and;
T_1.8;
    %flag_set/vec4 9;
    %flag_get/vec4 9;
    %jmp/0 T_1.7, 9;
    %load/vec4 v000001685ff67480_0;
    %and;
T_1.7;
    %flag_set/vec4 8;
    %jmp/0xz  T_1.5, 8;
    %pushi/vec4 2, 0, 2;
    %store/vec4 v000001685ff62ce0_0, 0, 2;
    %jmp T_1.6;
T_1.5 ;
    %pushi/vec4 1, 0, 2;
    %store/vec4 v000001685ff62ce0_0, 0, 2;
T_1.6 ;
    %jmp T_1.4;
T_1.1 ;
    %pushi/vec4 1, 0, 1;
    %store/vec4 v000001685ff62c40_0, 0, 1;
    %load/vec4 v000001685ff67480_0;
    %flag_set/vec4 8;
    %jmp/0xz  T_1.9, 8;
    %pushi/vec4 2, 0, 2;
    %store/vec4 v000001685ff62ce0_0, 0, 2;
    %jmp T_1.10;
T_1.9 ;
    %pushi/vec4 1, 0, 2;
    %store/vec4 v000001685ff62ce0_0, 0, 2;
T_1.10 ;
    %jmp T_1.4;
T_1.2 ;
    %pushi/vec4 0, 0, 1;
    %store/vec4 v000001685ff62c40_0, 0, 1;
    %load/vec4 v000001685ff67480_0;
    %nor/r;
    %flag_set/vec4 8;
    %jmp/0xz  T_1.11, 8;
    %pushi/vec4 1, 0, 2;
    %store/vec4 v000001685ff62ce0_0, 0, 2;
    %jmp T_1.12;
T_1.11 ;
    %pushi/vec4 2, 0, 2;
    %store/vec4 v000001685ff62ce0_0, 0, 2;
T_1.12 ;
    %jmp T_1.4;
T_1.4 ;
    %pop/vec4 1;
    %jmp T_1;
    .thread T_1, $push;
    .scope S_000001686003a290;
T_2 ;
    %delay 5, 0;
    %load/vec4 v000001685ff62e20_0;
    %inv;
    %store/vec4 v000001685ff62e20_0, 0, 1;
    %jmp T_2;
    .thread T_2;
    .scope S_000001686003a290;
T_3 ;
    %vpi_call 2 12 "$dumpfile", "water_level.vcd" {0 0 0};
    %vpi_call 2 13 "$dumpvars", 32'sb00000000000000000000000000000000, S_000001686003a290 {0 0 0};
    %end;
    .thread T_3;
    .scope S_000001686003a290;
T_4 ;
    %pushi/vec4 0, 0, 1;
    %store/vec4 v000001685ff62e20_0, 0, 1;
    %pushi/vec4 1, 0, 1;
    %store/vec4 v000001685ff63140_0, 0, 1;
    %pushi/vec4 0, 0, 1;
    %store/vec4 v000001685ff62f60_0, 0, 1;
    %pushi/vec4 0, 0, 1;
    %store/vec4 v000001685ff63000_0, 0, 1;
    %pushi/vec4 0, 0, 1;
    %store/vec4 v000001685ff62ec0_0, 0, 1;
    %delay 10, 0;
    %pushi/vec4 0, 0, 1;
    %store/vec4 v000001685ff63140_0, 0, 1;
    %delay 20, 0;
    %pushi/vec4 1, 0, 1;
    %store/vec4 v000001685ff62f60_0, 0, 1;
    %pushi/vec4 0, 0, 1;
    %store/vec4 v000001685ff63000_0, 0, 1;
    %pushi/vec4 0, 0, 1;
    %store/vec4 v000001685ff62ec0_0, 0, 1;
    %delay 20, 0;
    %pushi/vec4 1, 0, 1;
    %store/vec4 v000001685ff62f60_0, 0, 1;
    %pushi/vec4 1, 0, 1;
    %store/vec4 v000001685ff63000_0, 0, 1;
    %pushi/vec4 0, 0, 1;
    %store/vec4 v000001685ff62ec0_0, 0, 1;
    %delay 20, 0;
    %pushi/vec4 1, 0, 1;
    %store/vec4 v000001685ff62f60_0, 0, 1;
    %pushi/vec4 1, 0, 1;
    %store/vec4 v000001685ff63000_0, 0, 1;
    %pushi/vec4 1, 0, 1;
    %store/vec4 v000001685ff62ec0_0, 0, 1;
    %delay 20, 0;
    %pushi/vec4 1, 0, 1;
    %store/vec4 v000001685ff62f60_0, 0, 1;
    %pushi/vec4 0, 0, 1;
    %store/vec4 v000001685ff63000_0, 0, 1;
    %pushi/vec4 0, 0, 1;
    %store/vec4 v000001685ff62ec0_0, 0, 1;
    %delay 20, 0;
    %pushi/vec4 0, 0, 1;
    %store/vec4 v000001685ff62f60_0, 0, 1;
    %pushi/vec4 0, 0, 1;
    %store/vec4 v000001685ff63000_0, 0, 1;
    %pushi/vec4 0, 0, 1;
    %store/vec4 v000001685ff62ec0_0, 0, 1;
    %delay 20, 0;
    %vpi_call 2 23 "$finish" {0 0 0};
    %end;
    .thread T_4;
    .scope S_000001686003a290;
T_5 ;
    %vpi_call 2 26 "$monitor", "Time=%0t | LOW=%b MID=%b HIGH=%b | MOTOR=%b", $time, v000001685ff62f60_0, v000001685ff63000_0, v000001685ff62ec0_0, v000001685ff630a0_0 {0 0 0};
    %end;
    .thread T_5;
# The file index is used to find the file name in the following table.
:file_names 4;
    "N/A";
    "<interactive>";
    "tb.v";
    "main.v";
